2023-03-27 21:48:03 - [32minfo[39m: Reading configs from C:\Users\thiru\Documents\apps\web\dot\frontend\browserstack.yml
2023-03-27 21:51:53 - [32minfo[39m: Local binary started successfully
2023-03-27 21:51:53 - [32minfo[39m: Getting your jest configs from package.json
2023-03-27 21:51:53 - [32minfo[39m: Modifying jest configs to run tests on BrowserStack
2023-03-27 21:51:53 - [32minfo[39m: Creating jest_browserstack.config.js with browserstack jest configs
2023-03-27 21:51:53 - [32minfo[39m: Showing jest logs and reporter logs.
2023-03-27 21:51:53 - [31merror[39m: _0x36126e.on(...)[_0x2ff7cd(...)] is not a function
2023-03-27 21:51:55 - [32minfo[39m: Deleting jest_browserstack.config.js
2023-03-27 21:51:58 - [32minfo[39m: Local binary stopped
2023-03-27 21:55:40 - [32minfo[39m: Reading configs from C:\Users\thiru\Documents\apps\web\dot\frontend\browserstack.yml
2023-03-27 21:55:45 - [32minfo[39m: Local binary started successfully
2023-03-27 21:55:45 - [32minfo[39m: Getting your jest configs from package.json
2023-03-27 21:55:45 - [32minfo[39m: Modifying jest configs to run tests on BrowserStack
2023-03-27 21:55:45 - [32minfo[39m: Creating jest_browserstack.config.js with browserstack jest configs
2023-03-27 21:55:45 - [32minfo[39m: Showing jest logs and reporter logs.
2023-03-27 21:55:45 - [31merror[39m: _0x36126e.on(...)[_0x2ff7cd(...)] is not a function
2023-03-27 21:55:49 - [32minfo[39m: Deleting jest_browserstack.config.js
2023-03-27 21:55:51 - [32minfo[39m: Local binary stopped
2023-03-27 21:56:05 - [32minfo[39m: Reading configs from C:\Users\thiru\Documents\apps\web\dot\frontend\browserstack.yml
2023-03-27 21:56:10 - [32minfo[39m: Local binary started successfully
2023-03-27 21:56:10 - [32minfo[39m: Getting your jest configs from package.json
2023-03-27 21:56:10 - [32minfo[39m: Modifying jest configs to run tests on BrowserStack
2023-03-27 21:56:10 - [32minfo[39m: Creating jest_browserstack.config.js with browserstack jest configs
2023-03-27 21:56:10 - [32minfo[39m: Showing jest logs and reporter logs.
2023-03-27 21:56:10 - [31merror[39m: _0x36126e.on(...)[_0x2ff7cd(...)] is not a function
2023-03-27 21:56:18 - [32minfo[39m: Configuring to run tests on BrowserStack
2023-03-27 21:56:18 - [32minfo[39m: Configuring to run tests on BrowserStack
2023-03-27 21:56:18 - [32minfo[39m: Configuring to run tests on BrowserStack
2023-03-27 21:56:21 - [32minfo[39m: Deleting jest_browserstack.config.js
2023-03-27 21:56:24 - [32minfo[39m: Local binary stopped
2023-03-27 22:01:17 - [32minfo[39m: Reading configs from C:\Users\thiru\Documents\apps\web\dot\frontend\browserstack.yml
2023-03-27 22:01:23 - [32minfo[39m: Local binary started successfully
2023-03-27 22:01:23 - [32minfo[39m: Getting your jest configs from package.json
2023-03-27 22:01:23 - [32minfo[39m: Modifying jest configs to run tests on BrowserStack
2023-03-27 22:01:23 - [32minfo[39m: Creating jest_browserstack.config.js with browserstack jest configs
2023-03-27 22:01:23 - [32minfo[39m: Showing jest logs and reporter logs.
2023-03-27 22:01:23 - [31merror[39m: _0x36126e.on(...)[_0x2ff7cd(...)] is not a function
2023-03-27 22:01:30 - [32minfo[39m: Configuring to run tests on BrowserStack
2023-03-27 22:01:30 - [32minfo[39m: Configuring to run tests on BrowserStack
2023-03-27 22:01:30 - [32minfo[39m: Configuring to run tests on BrowserStack
2023-03-27 22:01:34 - [32minfo[39m: Deleting jest_browserstack.config.js
2023-03-27 22:01:37 - [32minfo[39m: Local binary stopped
2023-03-27 22:03:20 - [32minfo[39m: Reading configs from C:\Users\thiru\Documents\apps\web\dot\frontend\browserstack.yml
2023-03-27 22:03:25 - [32minfo[39m: Local binary started successfully
2023-03-27 22:03:25 - [32minfo[39m: Getting your jest configs from package.json
2023-03-27 22:03:25 - [32minfo[39m: Modifying jest configs to run tests on BrowserStack
2023-03-27 22:03:25 - [32minfo[39m: Creating jest_browserstack.config.js with browserstack jest configs
2023-03-27 22:03:25 - [32minfo[39m: Showing jest logs and reporter logs.
2023-03-27 22:03:25 - [31merror[39m: _0x36126e.on(...)[_0x2ff7cd(...)] is not a function
2023-03-27 22:03:32 - [32minfo[39m: Configuring to run tests on BrowserStack
2023-03-27 22:03:32 - [32minfo[39m: Configuring to run tests on BrowserStack
2023-03-27 22:03:32 - [32minfo[39m: Configuring to run tests on BrowserStack
2023-03-27 22:03:36 - [32minfo[39m: Deleting jest_browserstack.config.js
2023-03-27 22:03:39 - [32minfo[39m: Local binary stopped
2023-03-27 22:06:02 - [32minfo[39m: Reading configs from C:\Users\thiru\Documents\apps\web\dot\frontend\browserstack.yml
2023-03-27 22:06:07 - [32minfo[39m: Local binary started successfully
2023-03-27 22:06:07 - [32minfo[39m: Getting your jest configs from package.json
2023-03-27 22:06:07 - [32minfo[39m: Modifying jest configs to run tests on BrowserStack
2023-03-27 22:06:07 - [32minfo[39m: Creating jest_browserstack.config.js with browserstack jest configs
2023-03-27 22:06:07 - [32minfo[39m: Showing jest logs and reporter logs.
2023-03-27 22:06:07 - [31merror[39m: _0x36126e.on(...)[_0x2ff7cd(...)] is not a function
2023-03-27 22:06:14 - [32minfo[39m: Configuring to run tests on BrowserStack
2023-03-27 22:06:14 - [32minfo[39m: Configuring to run tests on BrowserStack
2023-03-27 22:06:14 - [32minfo[39m: Configuring to run tests on BrowserStack
2023-03-27 22:06:17 - [32minfo[39m: Deleting jest_browserstack.config.js
2023-03-27 22:06:20 - [32minfo[39m: Local binary stopped
2023-03-27 22:15:29 - [32minfo[39m: Reading configs from C:\Users\thiru\Documents\apps\web\dot\frontend\browserstack.yml
2023-03-27 22:15:35 - [32minfo[39m: Local binary started successfully
2023-03-27 22:15:35 - [32minfo[39m: Getting your jest configs from package.json
2023-03-27 22:15:35 - [32minfo[39m: Modifying jest configs to run tests on BrowserStack
2023-03-27 22:15:35 - [32minfo[39m: Creating jest_browserstack.config.js with browserstack jest configs
2023-03-27 22:15:35 - [32minfo[39m: Showing jest logs and reporter logs.
2023-03-27 22:15:35 - [31merror[39m: _0x36126e.on(...)[_0x2ff7cd(...)] is not a function
2023-03-27 22:15:42 - [32minfo[39m: Configuring to run tests on BrowserStack
2023-03-27 22:15:42 - [32minfo[39m: Configuring to run tests on BrowserStack
2023-03-27 22:15:42 - [32minfo[39m: Configuring to run tests on BrowserStack
2023-03-27 22:15:46 - [32minfo[39m: Deleting jest_browserstack.config.js
2023-03-27 22:15:49 - [32minfo[39m: Local binary stopped
2023-03-27 22:32:37 - [32minfo[39m: Reading configs from C:\Users\thiru\Documents\apps\web\dot\frontend\browserstack.yml
2023-03-27 22:32:43 - [32minfo[39m: Local binary started successfully
2023-03-27 22:32:43 - [32minfo[39m: Getting your jest configs from package.json
2023-03-27 22:32:43 - [32minfo[39m: Modifying jest configs to run tests on BrowserStack
2023-03-27 22:32:43 - [32minfo[39m: Creating jest_browserstack.config.js with browserstack jest configs
2023-03-27 22:32:43 - [32minfo[39m: Showing jest logs and reporter logs.
2023-03-27 22:32:43 - [31merror[39m: _0x36126e.on(...)[_0x2ff7cd(...)] is not a function
2023-03-27 22:32:50 - [32minfo[39m: Configuring to run tests on BrowserStack
2023-03-27 22:32:50 - [32minfo[39m: Configuring to run tests on BrowserStack
2023-03-27 22:32:50 - [32minfo[39m: Configuring to run tests on BrowserStack
2023-03-27 22:32:54 - [32minfo[39m: Deleting jest_browserstack.config.js
2023-03-27 22:32:56 - [32minfo[39m: Local binary stopped
2023-03-27 22:33:24 - [32minfo[39m: Reading configs from C:\Users\thiru\Documents\apps\web\dot\frontend\browserstack.yml
2023-03-27 22:33:30 - [32minfo[39m: Local binary started successfully
2023-03-27 22:33:30 - [32minfo[39m: Getting your jest configs from package.json
2023-03-27 22:33:30 - [32minfo[39m: Modifying jest configs to run tests on BrowserStack
2023-03-27 22:33:30 - [32minfo[39m: Creating jest_browserstack.config.js with browserstack jest configs
2023-03-27 22:33:30 - [32minfo[39m: Showing jest logs and reporter logs.
2023-03-27 22:33:30 - [31merror[39m: _0x36126e.on(...)[_0x2ff7cd(...)] is not a function
2023-03-27 22:33:38 - [32minfo[39m: Configuring to run tests on BrowserStack
2023-03-27 22:33:38 - [32minfo[39m: Configuring to run tests on BrowserStack
2023-03-27 22:33:38 - [32minfo[39m: Configuring to run tests on BrowserStack
2023-03-27 22:33:41 - [32minfo[39m: Deleting jest_browserstack.config.js
2023-03-27 22:33:44 - [32minfo[39m: Local binary stopped
2023-03-27 22:34:13 - [32minfo[39m: Reading configs from C:\Users\thiru\Documents\apps\web\dot\frontend\browserstack.yml
2023-03-27 22:34:19 - [32minfo[39m: Local binary started successfully
2023-03-27 22:34:19 - [32minfo[39m: Getting your jest configs from package.json
2023-03-27 22:34:19 - [32minfo[39m: Modifying jest configs to run tests on BrowserStack
2023-03-27 22:34:19 - [32minfo[39m: Creating jest_browserstack.config.js with browserstack jest configs
2023-03-27 22:34:19 - [32minfo[39m: Showing jest logs and reporter logs.
2023-03-27 22:34:19 - [31merror[39m: _0x36126e.on(...)[_0x2ff7cd(...)] is not a function
2023-03-27 22:34:25 - [32minfo[39m: Configuring to run tests on BrowserStack
2023-03-27 22:34:25 - [32minfo[39m: Configuring to run tests on BrowserStack
2023-03-27 22:34:25 - [32minfo[39m: Configuring to run tests on BrowserStack
2023-03-27 22:34:29 - [32minfo[39m: Deleting jest_browserstack.config.js
2023-03-27 22:34:32 - [32minfo[39m: Local binary stopped
2023-03-27 22:39:06 - [32minfo[39m: Reading configs from C:\Users\thiru\Documents\apps\web\dot\frontend\browserstack.yml
2023-03-27 22:39:11 - [32minfo[39m: Local binary started successfully
2023-03-27 22:39:11 - [32minfo[39m: Getting your jest configs from package.json
2023-03-27 22:39:11 - [32minfo[39m: Modifying jest configs to run tests on BrowserStack
2023-03-27 22:39:11 - [32minfo[39m: Creating jest_browserstack.config.js with browserstack jest configs
2023-03-27 22:39:11 - [32minfo[39m: Showing jest logs and reporter logs.
2023-03-27 22:39:11 - [31merror[39m: _0x36126e.on(...)[_0x2ff7cd(...)] is not a function
2023-03-27 22:39:18 - [32minfo[39m: Configuring to run tests on BrowserStack
2023-03-27 22:39:18 - [32minfo[39m: Configuring to run tests on BrowserStack
2023-03-27 22:39:18 - [32minfo[39m: Configuring to run tests on BrowserStack
2023-03-27 22:39:23 - [32minfo[39m: Deleting jest_browserstack.config.js
2023-03-27 22:39:26 - [32minfo[39m: Local binary stopped
2023-03-27 22:40:53 - [32minfo[39m: Reading configs from C:\Users\thiru\Documents\apps\web\dot\frontend\browserstack.yml
2023-03-27 22:40:58 - [32minfo[39m: Local binary started successfully
2023-03-27 22:40:58 - [32minfo[39m: Getting your jest configs from package.json
2023-03-27 22:40:58 - [32minfo[39m: Modifying jest configs to run tests on BrowserStack
2023-03-27 22:40:58 - [32minfo[39m: Creating jest_browserstack.config.js with browserstack jest configs
2023-03-27 22:40:58 - [32minfo[39m: Showing jest logs and reporter logs.
2023-03-27 22:40:58 - [31merror[39m: _0x36126e.on(...)[_0x2ff7cd(...)] is not a function
2023-03-27 22:41:06 - [32minfo[39m: Configuring to run tests on BrowserStack
2023-03-27 22:41:06 - [32minfo[39m: Configuring to run tests on BrowserStack
2023-03-27 22:41:06 - [32minfo[39m: Configuring to run tests on BrowserStack
2023-03-27 22:41:11 - [32minfo[39m: Deleting jest_browserstack.config.js
2023-03-27 22:41:13 - [32minfo[39m: Local binary stopped
2023-03-27 22:41:47 - [32minfo[39m: Reading configs from C:\Users\thiru\Documents\apps\web\dot\frontend\browserstack.yml
2023-03-27 22:41:52 - [32minfo[39m: Local binary started successfully
2023-03-27 22:41:52 - [32minfo[39m: Getting your jest configs from package.json
2023-03-27 22:41:52 - [32minfo[39m: Modifying jest configs to run tests on BrowserStack
2023-03-27 22:41:52 - [32minfo[39m: Creating jest_browserstack.config.js with browserstack jest configs
2023-03-27 22:41:52 - [32minfo[39m: Showing jest logs and reporter logs.
2023-03-27 22:41:52 - [31merror[39m: _0x36126e.on(...)[_0x2ff7cd(...)] is not a function
2023-03-27 22:42:00 - [32minfo[39m: Configuring to run tests on BrowserStack
2023-03-27 22:42:00 - [32minfo[39m: Configuring to run tests on BrowserStack
2023-03-27 22:42:00 - [32minfo[39m: Configuring to run tests on BrowserStack
2023-03-27 22:42:06 - [32minfo[39m: Deleting jest_browserstack.config.js
2023-03-27 22:42:09 - [32minfo[39m: Local binary stopped
2023-03-27 22:48:46 - [32minfo[39m: Reading configs from C:\Users\thiru\Documents\apps\web\dot\frontend\browserstack.yml
2023-03-27 22:48:51 - [32minfo[39m: Local binary started successfully
2023-03-27 22:48:51 - [32minfo[39m: Getting your jest configs from package.json
2023-03-27 22:48:51 - [32minfo[39m: Modifying jest configs to run tests on BrowserStack
2023-03-27 22:48:51 - [32minfo[39m: Creating jest_browserstack.config.js with browserstack jest configs
2023-03-27 22:48:51 - [32minfo[39m: Showing jest logs and reporter logs.
2023-03-27 22:48:52 - [31merror[39m: _0x36126e.on(...)[_0x2ff7cd(...)] is not a function
2023-03-27 22:48:59 - [32minfo[39m: Configuring to run tests on BrowserStack
2023-03-27 22:48:59 - [32minfo[39m: Configuring to run tests on BrowserStack
2023-03-27 22:48:59 - [32minfo[39m: Configuring to run tests on BrowserStack
2023-03-27 22:49:02 - [32minfo[39m: Deleting jest_browserstack.config.js
2023-03-27 22:49:05 - [32minfo[39m: Local binary stopped
2023-03-27 22:49:55 - [32minfo[39m: Reading configs from C:\Users\thiru\Documents\apps\web\dot\frontend\browserstack.yml
2023-03-27 22:50:00 - [32minfo[39m: Local binary started successfully
2023-03-27 22:50:00 - [32minfo[39m: Getting your jest configs from package.json
2023-03-27 22:50:00 - [32minfo[39m: Modifying jest configs to run tests on BrowserStack
2023-03-27 22:50:00 - [32minfo[39m: Creating jest_browserstack.config.js with browserstack jest configs
2023-03-27 22:50:00 - [32minfo[39m: Showing jest logs and reporter logs.
2023-03-27 22:50:00 - [31merror[39m: _0x36126e.on(...)[_0x2ff7cd(...)] is not a function
2023-03-27 22:50:07 - [32minfo[39m: Configuring to run tests on BrowserStack
2023-03-27 22:50:07 - [32minfo[39m: Configuring to run tests on BrowserStack
2023-03-27 22:50:07 - [32minfo[39m: Configuring to run tests on BrowserStack
2023-03-27 22:50:11 - [32minfo[39m: Deleting jest_browserstack.config.js
2023-03-27 22:50:14 - [32minfo[39m: Local binary stopped
2023-03-27 22:50:48 - [32minfo[39m: Reading configs from C:\Users\thiru\Documents\apps\web\dot\frontend\browserstack.yml
2023-03-27 22:50:53 - [32minfo[39m: Local binary started successfully
2023-03-27 22:50:53 - [32minfo[39m: Getting your jest configs from package.json
2023-03-27 22:50:53 - [32minfo[39m: Modifying jest configs to run tests on BrowserStack
2023-03-27 22:50:53 - [32minfo[39m: Creating jest_browserstack.config.js with browserstack jest configs
2023-03-27 22:50:53 - [32minfo[39m: Showing jest logs and reporter logs.
2023-03-27 22:50:53 - [31merror[39m: _0x36126e.on(...)[_0x2ff7cd(...)] is not a function
2023-03-27 22:51:00 - [32minfo[39m: Configuring to run tests on BrowserStack
2023-03-27 22:51:00 - [32minfo[39m: Configuring to run tests on BrowserStack
2023-03-27 22:51:00 - [32minfo[39m: Configuring to run tests on BrowserStack
2023-03-27 22:51:06 - [32minfo[39m: Deleting jest_browserstack.config.js
2023-03-27 22:51:08 - [32minfo[39m: Local binary stopped
2023-03-27 22:54:57 - [32minfo[39m: Reading configs from C:\Users\thiru\Documents\apps\web\dot\frontend\browserstack.yml
2023-03-27 22:55:03 - [32minfo[39m: Local binary started successfully
2023-03-27 22:55:03 - [32minfo[39m: Getting your jest configs from package.json
2023-03-27 22:55:03 - [32minfo[39m: Modifying jest configs to run tests on BrowserStack
2023-03-27 22:55:03 - [32minfo[39m: Creating jest_browserstack.config.js with browserstack jest configs
2023-03-27 22:55:03 - [32minfo[39m: Showing jest logs and reporter logs.
2023-03-27 22:55:03 - [31merror[39m: _0x36126e.on(...)[_0x2ff7cd(...)] is not a function
2023-03-27 22:55:10 - [32minfo[39m: Configuring to run tests on BrowserStack
2023-03-27 22:55:10 - [32minfo[39m: Configuring to run tests on BrowserStack
2023-03-27 22:55:10 - [32minfo[39m: Configuring to run tests on BrowserStack
2023-03-27 22:55:16 - [32minfo[39m: Deleting jest_browserstack.config.js
2023-03-27 22:55:18 - [32minfo[39m: Local binary stopped
2023-03-27 22:57:55 - [32minfo[39m: Reading configs from C:\Users\thiru\Documents\apps\web\dot\frontend\browserstack.yml
2023-03-27 22:58:00 - [32minfo[39m: Local binary started successfully
2023-03-27 22:58:00 - [32minfo[39m: Getting your jest configs from package.json
2023-03-27 22:58:00 - [32minfo[39m: Modifying jest configs to run tests on BrowserStack
2023-03-27 22:58:00 - [32minfo[39m: Creating jest_browserstack.config.js with browserstack jest configs
2023-03-27 22:58:01 - [32minfo[39m: Showing jest logs and reporter logs.
2023-03-27 22:58:01 - [31merror[39m: _0x36126e.on(...)[_0x2ff7cd(...)] is not a function
2023-03-27 22:58:08 - [32minfo[39m: Configuring to run tests on BrowserStack
2023-03-27 22:58:08 - [32minfo[39m: Configuring to run tests on BrowserStack
2023-03-27 22:58:08 - [32minfo[39m: Configuring to run tests on BrowserStack
2023-03-27 22:58:14 - [32minfo[39m: Deleting jest_browserstack.config.js
2023-03-27 22:58:16 - [32minfo[39m: Local binary stopped
2023-03-27 22:58:47 - [32minfo[39m: Reading configs from C:\Users\thiru\Documents\apps\web\dot\frontend\browserstack.yml
2023-03-27 22:58:52 - [32minfo[39m: Local binary started successfully
2023-03-27 22:58:52 - [32minfo[39m: Getting your jest configs from package.json
2023-03-27 22:58:52 - [32minfo[39m: Modifying jest configs to run tests on BrowserStack
2023-03-27 22:58:52 - [32minfo[39m: Creating jest_browserstack.config.js with browserstack jest configs
2023-03-27 22:58:52 - [32minfo[39m: Showing jest logs and reporter logs.
2023-03-27 22:58:52 - [31merror[39m: _0x36126e.on(...)[_0x2ff7cd(...)] is not a function
2023-03-27 22:58:59 - [32minfo[39m: Configuring to run tests on BrowserStack
2023-03-27 22:58:59 - [32minfo[39m: Configuring to run tests on BrowserStack
2023-03-27 22:58:59 - [32minfo[39m: Configuring to run tests on BrowserStack
2023-03-27 22:59:04 - [32minfo[39m: Deleting jest_browserstack.config.js
2023-03-27 22:59:07 - [32minfo[39m: Local binary stopped
2023-03-27 23:04:27 - [32minfo[39m: Reading configs from C:\Users\thiru\Documents\apps\web\dot\frontend\browserstack.yml
2023-03-27 23:04:32 - [32minfo[39m: Local binary started successfully
2023-03-27 23:04:32 - [32minfo[39m: Getting your jest configs from package.json
2023-03-27 23:04:32 - [32minfo[39m: Modifying jest configs to run tests on BrowserStack
2023-03-27 23:04:32 - [32minfo[39m: Creating jest_browserstack.config.js with browserstack jest configs
2023-03-27 23:04:32 - [32minfo[39m: Showing jest logs and reporter logs.
2023-03-27 23:04:32 - [31merror[39m: _0x36126e.on(...)[_0x2ff7cd(...)] is not a function
2023-03-27 23:04:40 - [32minfo[39m: Configuring to run tests on BrowserStack
2023-03-27 23:04:40 - [32minfo[39m: Configuring to run tests on BrowserStack
2023-03-27 23:04:40 - [32minfo[39m: Configuring to run tests on BrowserStack
2023-03-27 23:04:43 - [32minfo[39m: Deleting jest_browserstack.config.js
2023-03-27 23:05:18 - [32minfo[39m: Reading configs from C:\Users\thiru\Documents\apps\web\dot\frontend\browserstack.yml
2023-03-27 23:05:23 - [32minfo[39m: Local binary started successfully
2023-03-27 23:05:23 - [32minfo[39m: Getting your jest configs from package.json
2023-03-27 23:05:23 - [32minfo[39m: Modifying jest configs to run tests on BrowserStack
2023-03-27 23:05:23 - [32minfo[39m: Creating jest_browserstack.config.js with browserstack jest configs
2023-03-27 23:05:23 - [32minfo[39m: Showing jest logs and reporter logs.
2023-03-27 23:05:23 - [31merror[39m: _0x36126e.on(...)[_0x2ff7cd(...)] is not a function
2023-03-27 23:05:30 - [32minfo[39m: Configuring to run tests on BrowserStack
2023-03-27 23:05:30 - [32minfo[39m: Configuring to run tests on BrowserStack
2023-03-27 23:05:30 - [32minfo[39m: Configuring to run tests on BrowserStack
2023-03-27 23:05:33 - [32minfo[39m: Deleting jest_browserstack.config.js
2023-03-27 23:05:36 - [32minfo[39m: Local binary stopped
2023-03-27 23:07:34 - [32minfo[39m: Reading configs from C:\Users\thiru\Documents\apps\web\dot\frontend\browserstack.yml
2023-03-27 23:07:39 - [32minfo[39m: Local binary started successfully
2023-03-27 23:07:39 - [32minfo[39m: Getting your jest configs from package.json
2023-03-27 23:07:39 - [32minfo[39m: Modifying jest configs to run tests on BrowserStack
2023-03-27 23:07:39 - [32minfo[39m: Creating jest_browserstack.config.js with browserstack jest configs
2023-03-27 23:07:39 - [32minfo[39m: Showing jest logs and reporter logs.
2023-03-27 23:07:39 - [31merror[39m: _0x36126e.on(...)[_0x2ff7cd(...)] is not a function
2023-03-27 23:07:47 - [32minfo[39m: Configuring to run tests on BrowserStack
2023-03-27 23:07:47 - [32minfo[39m: Configuring to run tests on BrowserStack
2023-03-27 23:07:47 - [32minfo[39m: Configuring to run tests on BrowserStack
2023-03-27 23:07:50 - [32minfo[39m: Deleting jest_browserstack.config.js
2023-03-27 23:07:53 - [32minfo[39m: Local binary stopped
2023-03-27 23:08:36 - [32minfo[39m: Reading configs from C:\Users\thiru\Documents\apps\web\dot\frontend\browserstack.yml
2023-03-27 23:08:41 - [32minfo[39m: Local binary started successfully
2023-03-27 23:08:41 - [32minfo[39m: Getting your jest configs from package.json
2023-03-27 23:08:41 - [32minfo[39m: Modifying jest configs to run tests on BrowserStack
2023-03-27 23:08:41 - [32minfo[39m: Creating jest_browserstack.config.js with browserstack jest configs
2023-03-27 23:08:41 - [32minfo[39m: Showing jest logs and reporter logs.
2023-03-27 23:08:41 - [31merror[39m: _0x36126e.on(...)[_0x2ff7cd(...)] is not a function
2023-03-27 23:08:48 - [32minfo[39m: Configuring to run tests on BrowserStack
2023-03-27 23:08:48 - [32minfo[39m: Configuring to run tests on BrowserStack
2023-03-27 23:08:48 - [32minfo[39m: Configuring to run tests on BrowserStack
2023-03-27 23:08:53 - [32minfo[39m: Deleting jest_browserstack.config.js
2023-03-27 23:08:56 - [32minfo[39m: Local binary stopped
